Traceback (most recent call last):
  File "/usr/local/lib/python3.7/dist-packages/jupyter_cache/executors/utils.py", line 56, in single_nb_execution
    record_timing=False,
  File "/usr/local/lib/python3.7/dist-packages/nbclient/client.py", line 1112, in execute
    return NotebookClient(nb=nb, resources=resources, km=km, **kwargs).execute()
  File "/usr/local/lib/python3.7/dist-packages/nbclient/util.py", line 74, in wrapped
    return just_run(coro(*args, **kwargs))
  File "/usr/local/lib/python3.7/dist-packages/nbclient/util.py", line 53, in just_run
    return loop.run_until_complete(coro)
  File "/usr/lib/python3.7/asyncio/base_events.py", line 587, in run_until_complete
    return future.result()
  File "/usr/local/lib/python3.7/dist-packages/nbclient/client.py", line 554, in async_execute
    cell, index, execution_count=self.code_cells_executed + 1
  File "/usr/local/lib/python3.7/dist-packages/nbclient/client.py", line 857, in async_execute_cell
    self._check_raise_for_error(cell, exec_reply)
  File "/usr/local/lib/python3.7/dist-packages/nbclient/client.py", line 760, in _check_raise_for_error
    raise CellExecutionError.from_cell_and_msg(cell, exec_reply_content)
nbclient.exceptions.CellExecutionError: An error occurred while executing the following cell:
------------------
D = torch.tensor(D).float().cuda()
x = torch.tensor(x).float().cuda()
y = torch.tensor(y).float().cuda()
------------------

[0;31m[0m
[0;31mNameError[0mTraceback (most recent call last)
[0;32m<ipython-input-7-da46cf35e68f>[0m in [0;36m<module>[0;34m()[0m
[1;32m      1[0m [0mD[0m [0;34m=[0m [0mtorch[0m[0;34m.[0m[0mtensor[0m[0;34m([0m[0mD[0m[0;34m)[0m[0;34m.[0m[0mfloat[0m[0;34m([0m[0;34m)[0m[0;34m.[0m[0mcuda[0m[0;34m([0m[0;34m)[0m[0;34m[0m[0;34m[0m[0m
[1;32m      2[0m [0mx[0m [0;34m=[0m [0mtorch[0m[0;34m.[0m[0mtensor[0m[0;34m([0m[0mx[0m[0;34m)[0m[0;34m.[0m[0mfloat[0m[0;34m([0m[0;34m)[0m[0;34m.[0m[0mcuda[0m[0;34m([0m[0;34m)[0m[0;34m[0m[0;34m[0m[0m
[0;32m----> 3[0;31m [0my[0m [0;34m=[0m [0mtorch[0m[0;34m.[0m[0mtensor[0m[0;34m([0m[0my[0m[0;34m)[0m[0;34m.[0m[0mfloat[0m[0;34m([0m[0;34m)[0m[0;34m.[0m[0mcuda[0m[0;34m([0m[0;34m)[0m[0;34m[0m[0;34m[0m[0m
[0m
[0;31mNameError[0m: name 'y' is not defined
NameError: name 'y' is not defined

